e:\Repos\OrchardCore\test\OrchardCore.Tests.Modules\DerivedThemeSample2\Manifest.cs(4,12): error CS0246: The type or namespace name 'ModuleAttribute' could not be found (are you missing a using directive or an assembly reference?)
e:\Repos\OrchardCore\test\OrchardCore.Tests.Modules\DerivedThemeSample2\obj\Debug\net5.0\DerivedThemeSample2.AssemblyInfo.cs(14,24): error CS0234: The type or namespace name 'Modules' does not exist in the namespace 'OrchardCore' (are you missing an assembly reference?)
e:\Repos\OrchardCore\test\OrchardCore.Tests.Modules\DerivedThemeSample2\obj\Debug\net5.0\DerivedThemeSample2.AssemblyInfo.cs(15,24): error CS0234: The type or namespace name 'Modules' does not exist in the namespace 'OrchardCore' (are you missing an assembly reference?)
e:\Repos\OrchardCore\test\OrchardCore.Tests.Modules\DerivedThemeSample2\Manifest.cs(5,5): error CS0246: The type or namespace name 'ModuleAttribute' could not be found (are you missing a using directive or an assembly reference?)
e:\Repos\OrchardCore\test\OrchardCore.Tests.Modules\DerivedThemeSample2\Manifest.cs(5,5): error CS0246: The type or namespace name 'Name' could not be found (are you missing a using directive or an assembly reference?)
e:\Repos\OrchardCore\test\OrchardCore.Tests.Modules\DerivedThemeSample2\Manifest.cs(6,5): error CS0246: The type or namespace name 'ModuleAttribute' could not be found (are you missing a using directive or an assembly reference?)
e:\Repos\OrchardCore\test\OrchardCore.Tests.Modules\DerivedThemeSample2\Manifest.cs(6,5): error CS0246: The type or namespace name 'Author' could not be found (are you missing a using directive or an assembly reference?)
e:\Repos\OrchardCore\test\OrchardCore.Tests.Modules\DerivedThemeSample2\Manifest.cs(6,14): error CS0103: The name 'ManifestConstants' does not exist in the current context
e:\Repos\OrchardCore\test\OrchardCore.Tests.Modules\DerivedThemeSample2\Manifest.cs(7,5): error CS0246: The type or namespace name 'ModuleAttribute' could not be found (are you missing a using directive or an assembly reference?)
e:\Repos\OrchardCore\test\OrchardCore.Tests.Modules\DerivedThemeSample2\Manifest.cs(7,5): error CS0246: The type or namespace name 'Website' could not be found (are you missing a using directive or an assembly reference?)
e:\Repos\OrchardCore\test\OrchardCore.Tests.Modules\DerivedThemeSample2\Manifest.cs(7,15): error CS0103: The name 'ManifestConstants' does not exist in the current context
e:\Repos\OrchardCore\test\OrchardCore.Tests.Modules\DerivedThemeSample2\Manifest.cs(8,5): error CS0246: The type or namespace name 'ModuleAttribute' could not be found (are you missing a using directive or an assembly reference?)
e:\Repos\OrchardCore\test\OrchardCore.Tests.Modules\DerivedThemeSample2\Manifest.cs(8,5): error CS0246: The type or namespace name 'Version' could not be found (are you missing a using directive or an assembly reference?)
e:\Repos\OrchardCore\test\OrchardCore.Tests.Modules\DerivedThemeSample2\Manifest.cs(8,15): error CS0103: The name 'ManifestConstants' does not exist in the current context
e:\Repos\OrchardCore\test\OrchardCore.Tests.Modules\DerivedThemeSample2\Manifest.cs(9,5): error CS0246: The type or namespace name 'ModuleAttribute' could not be found (are you missing a using directive or an assembly reference?)
e:\Repos\OrchardCore\test\OrchardCore.Tests.Modules\DerivedThemeSample2\Manifest.cs(9,5): error CS0246: The type or namespace name 'Description' could not be found (are you missing a using directive or an assembly reference?)
e:\Repos\OrchardCore\test\OrchardCore.Tests.Modules\DerivedThemeSample2\Manifest.cs(10,5): error CS0246: The type or namespace name 'ModuleAttribute' could not be found (are you missing a using directive or an assembly reference?)
e:\Repos\OrchardCore\test\OrchardCore.Tests.Modules\DerivedThemeSample2\Manifest.cs(10,5): error CS0246: The type or namespace name 'Category' could not be found (are you missing a using directive or an assembly reference?)
e:\Repos\OrchardCore\test\OrchardCore.Tests.Modules\DerivedThemeSample2\Manifest.cs(2,19): error CS0234: The type or namespace name 'Modules' does not exist in the namespace 'OrchardCore' (are you missing an assembly reference?)
e:\Repos\OrchardCore\test\OrchardCore.Tests.Modules\DerivedThemeSample2\obj\Debug\net5.0\.NETCoreApp,Version=v5.0.AssemblyAttributes.cs(3,1): hidden CS8019: Unnecessary using directive.
e:\Repos\OrchardCore\test\OrchardCore.Tests.Modules\DerivedThemeSample2\obj\Debug\net5.0\DerivedThemeSample2.AssemblyInfo.cs(11,1): hidden CS8019: Unnecessary using directive.
e:\Repos\OrchardCore\test\OrchardCore.Tests.Modules\DerivedThemeSample2\Manifest.cs(2,1): hidden CS8019: Unnecessary using directive.
e:\Repos\OrchardCore\test\OrchardCore.Tests.Modules\DerivedThemeSample2\obj\Debug\net5.0\DerivedThemeSample2.AssemblyInfo.cs(12,1): hidden CS8019: Unnecessary using directive.
e:\Repos\OrchardCore\test\OrchardCore.Tests.Modules\DerivedThemeSample2\obj\Debug\net5.0\.NETCoreApp,Version=v5.0.AssemblyAttributes.cs(2,1): hidden CS8019: Unnecessary using directive.
