e:\Repos\OrchardCore\test\OrchardCore.Tests.Modules\ModuleSample\Manifest.cs(3,12): error CS0246: The type or namespace name 'ModuleAttribute' could not be found (are you missing a using directive or an assembly reference?)
e:\Repos\OrchardCore\test\OrchardCore.Tests.Modules\ModuleSample\Manifest.cs(3,12): error CS0246: The type or namespace name 'Module' could not be found (are you missing a using directive or an assembly reference?)
e:\Repos\OrchardCore\test\OrchardCore.Tests.Modules\ModuleSample\Manifest.cs(11,12): error CS0246: The type or namespace name 'FeatureAttribute' could not be found (are you missing a using directive or an assembly reference?)
e:\Repos\OrchardCore\test\OrchardCore.Tests.Modules\ModuleSample\Manifest.cs(11,12): error CS0246: The type or namespace name 'Feature' could not be found (are you missing a using directive or an assembly reference?)
e:\Repos\OrchardCore\test\OrchardCore.Tests.Modules\ModuleSample\Manifest.cs(18,12): error CS0246: The type or namespace name 'FeatureAttribute' could not be found (are you missing a using directive or an assembly reference?)
e:\Repos\OrchardCore\test\OrchardCore.Tests.Modules\ModuleSample\Manifest.cs(18,12): error CS0246: The type or namespace name 'Feature' could not be found (are you missing a using directive or an assembly reference?)
e:\Repos\OrchardCore\test\OrchardCore.Tests.Modules\ModuleSample\Manifest.cs(25,12): error CS0246: The type or namespace name 'FeatureAttribute' could not be found (are you missing a using directive or an assembly reference?)
e:\Repos\OrchardCore\test\OrchardCore.Tests.Modules\ModuleSample\Manifest.cs(25,12): error CS0246: The type or namespace name 'Feature' could not be found (are you missing a using directive or an assembly reference?)
e:\Repos\OrchardCore\test\OrchardCore.Tests.Modules\ModuleSample\Manifest.cs(32,12): error CS0246: The type or namespace name 'FeatureAttribute' could not be found (are you missing a using directive or an assembly reference?)
e:\Repos\OrchardCore\test\OrchardCore.Tests.Modules\ModuleSample\Manifest.cs(32,12): error CS0246: The type or namespace name 'Feature' could not be found (are you missing a using directive or an assembly reference?)
e:\Repos\OrchardCore\test\OrchardCore.Tests.Modules\ModuleSample\obj\Debug\net5.0\ModuleSample.AssemblyInfo.cs(14,12): error CS0246: The type or namespace name 'OrchardCore' could not be found (are you missing a using directive or an assembly reference?)
e:\Repos\OrchardCore\test\OrchardCore.Tests.Modules\ModuleSample\obj\Debug\net5.0\ModuleSample.AssemblyInfo.cs(15,12): error CS0246: The type or namespace name 'OrchardCore' could not be found (are you missing a using directive or an assembly reference?)
e:\Repos\OrchardCore\test\OrchardCore.Tests.Modules\ModuleSample\Manifest.cs(4,5): error CS0246: The type or namespace name 'Name' could not be found (are you missing a using directive or an assembly reference?)
e:\Repos\OrchardCore\test\OrchardCore.Tests.Modules\ModuleSample\Manifest.cs(5,5): error CS0246: The type or namespace name 'Author' could not be found (are you missing a using directive or an assembly reference?)
e:\Repos\OrchardCore\test\OrchardCore.Tests.Modules\ModuleSample\Manifest.cs(5,14): error CS0103: The name 'ManifestConstants' does not exist in the current context
e:\Repos\OrchardCore\test\OrchardCore.Tests.Modules\ModuleSample\Manifest.cs(6,5): error CS0246: The type or namespace name 'Website' could not be found (are you missing a using directive or an assembly reference?)
e:\Repos\OrchardCore\test\OrchardCore.Tests.Modules\ModuleSample\Manifest.cs(6,15): error CS0103: The name 'ManifestConstants' does not exist in the current context
e:\Repos\OrchardCore\test\OrchardCore.Tests.Modules\ModuleSample\Manifest.cs(7,5): error CS0246: The type or namespace name 'Version' could not be found (are you missing a using directive or an assembly reference?)
e:\Repos\OrchardCore\test\OrchardCore.Tests.Modules\ModuleSample\Manifest.cs(7,15): error CS0103: The name 'ManifestConstants' does not exist in the current context
e:\Repos\OrchardCore\test\OrchardCore.Tests.Modules\ModuleSample\Manifest.cs(8,5): error CS0246: The type or namespace name 'Category' could not be found (are you missing a using directive or an assembly reference?)
e:\Repos\OrchardCore\test\OrchardCore.Tests.Modules\ModuleSample\Manifest.cs(12,5): error CS0246: The type or namespace name 'Id' could not be found (are you missing a using directive or an assembly reference?)
e:\Repos\OrchardCore\test\OrchardCore.Tests.Modules\ModuleSample\Manifest.cs(13,5): error CS0246: The type or namespace name 'Name' could not be found (are you missing a using directive or an assembly reference?)
e:\Repos\OrchardCore\test\OrchardCore.Tests.Modules\ModuleSample\Manifest.cs(14,5): error CS0246: The type or namespace name 'Description' could not be found (are you missing a using directive or an assembly reference?)
e:\Repos\OrchardCore\test\OrchardCore.Tests.Modules\ModuleSample\Manifest.cs(15,5): error CS0246: The type or namespace name 'Dependencies' could not be found (are you missing a using directive or an assembly reference?)
e:\Repos\OrchardCore\test\OrchardCore.Tests.Modules\ModuleSample\Manifest.cs(19,5): error CS0246: The type or namespace name 'Id' could not be found (are you missing a using directive or an assembly reference?)
e:\Repos\OrchardCore\test\OrchardCore.Tests.Modules\ModuleSample\Manifest.cs(20,5): error CS0246: The type or namespace name 'Name' could not be found (are you missing a using directive or an assembly reference?)
e:\Repos\OrchardCore\test\OrchardCore.Tests.Modules\ModuleSample\Manifest.cs(21,5): error CS0246: The type or namespace name 'Description' could not be found (are you missing a using directive or an assembly reference?)
e:\Repos\OrchardCore\test\OrchardCore.Tests.Modules\ModuleSample\Manifest.cs(22,5): error CS0246: The type or namespace name 'Dependencies' could not be found (are you missing a using directive or an assembly reference?)
e:\Repos\OrchardCore\test\OrchardCore.Tests.Modules\ModuleSample\Manifest.cs(26,5): error CS0246: The type or namespace name 'Id' could not be found (are you missing a using directive or an assembly reference?)
e:\Repos\OrchardCore\test\OrchardCore.Tests.Modules\ModuleSample\Manifest.cs(27,5): error CS0246: The type or namespace name 'Name' could not be found (are you missing a using directive or an assembly reference?)
e:\Repos\OrchardCore\test\OrchardCore.Tests.Modules\ModuleSample\Manifest.cs(28,5): error CS0246: The type or namespace name 'Description' could not be found (are you missing a using directive or an assembly reference?)
e:\Repos\OrchardCore\test\OrchardCore.Tests.Modules\ModuleSample\Manifest.cs(29,5): error CS0246: The type or namespace name 'Dependencies' could not be found (are you missing a using directive or an assembly reference?)
e:\Repos\OrchardCore\test\OrchardCore.Tests.Modules\ModuleSample\Manifest.cs(33,5): error CS0246: The type or namespace name 'Id' could not be found (are you missing a using directive or an assembly reference?)
e:\Repos\OrchardCore\test\OrchardCore.Tests.Modules\ModuleSample\Manifest.cs(34,5): error CS0246: The type or namespace name 'Name' could not be found (are you missing a using directive or an assembly reference?)
e:\Repos\OrchardCore\test\OrchardCore.Tests.Modules\ModuleSample\Manifest.cs(35,5): error CS0246: The type or namespace name 'Description' could not be found (are you missing a using directive or an assembly reference?)
e:\Repos\OrchardCore\test\OrchardCore.Tests.Modules\ModuleSample\Manifest.cs(36,5): error CS0246: The type or namespace name 'Dependencies' could not be found (are you missing a using directive or an assembly reference?)
e:\Repos\OrchardCore\test\OrchardCore.Tests.Modules\ModuleSample\Manifest.cs(1,7): error CS0246: The type or namespace name 'OrchardCore' could not be found (are you missing a using directive or an assembly reference?)
e:\Repos\OrchardCore\test\OrchardCore.Tests.Modules\ModuleSample\obj\Debug\net5.0\ModuleSample.AssemblyInfo.cs(11,1): hidden CS8019: Unnecessary using directive.
e:\Repos\OrchardCore\test\OrchardCore.Tests.Modules\ModuleSample\obj\Debug\net5.0\.NETCoreApp,Version=v5.0.AssemblyAttributes.cs(3,1): hidden CS8019: Unnecessary using directive.
e:\Repos\OrchardCore\test\OrchardCore.Tests.Modules\ModuleSample\obj\Debug\net5.0\ModuleSample.AssemblyInfo.cs(12,1): hidden CS8019: Unnecessary using directive.
e:\Repos\OrchardCore\test\OrchardCore.Tests.Modules\ModuleSample\Manifest.cs(1,1): hidden CS8019: Unnecessary using directive.
e:\Repos\OrchardCore\test\OrchardCore.Tests.Modules\ModuleSample\obj\Debug\net5.0\.NETCoreApp,Version=v5.0.AssemblyAttributes.cs(2,1): hidden CS8019: Unnecessary using directive.
