e:\Repos\OrchardCore\test\OrchardCore.Tests.Pages\OrchardCore.Modules.Pages\Module.Pages\Manifest.cs(3,12): error CS0616: 'Module' is not an attribute class
e:\Repos\OrchardCore\test\OrchardCore.Tests.Pages\OrchardCore.Modules.Pages\Module.Pages\obj\Debug\net5.0\Module.Pages.AssemblyInfo.cs(14,24): error CS0234: The type or namespace name 'Modules' does not exist in the namespace 'OrchardCore' (are you missing an assembly reference?)
e:\Repos\OrchardCore\test\OrchardCore.Tests.Pages\OrchardCore.Modules.Pages\Module.Pages\obj\Debug\net5.0\Module.Pages.AssemblyInfo.cs(15,24): error CS0234: The type or namespace name 'Modules' does not exist in the namespace 'OrchardCore' (are you missing an assembly reference?)
e:\Repos\OrchardCore\test\OrchardCore.Tests.Pages\OrchardCore.Modules.Pages\Module.Pages\obj\Debug\net5.0\Module.Pages.AssemblyInfo.cs(17,24): error CS0234: The type or namespace name 'Modules' does not exist in the namespace 'OrchardCore' (are you missing an assembly reference?)
e:\Repos\OrchardCore\test\OrchardCore.Tests.Pages\OrchardCore.Modules.Pages\Module.Pages\obj\Debug\net5.0\Module.Pages.AssemblyInfo.cs(19,24): error CS0234: The type or namespace name 'Modules' does not exist in the namespace 'OrchardCore' (are you missing an assembly reference?)
e:\Repos\OrchardCore\test\OrchardCore.Tests.Pages\OrchardCore.Modules.Pages\Module.Pages\obj\Debug\net5.0\Module.Pages.AssemblyInfo.cs(21,24): error CS0234: The type or namespace name 'Modules' does not exist in the namespace 'OrchardCore' (are you missing an assembly reference?)
e:\Repos\OrchardCore\test\OrchardCore.Tests.Pages\OrchardCore.Modules.Pages\Module.Pages\obj\Debug\net5.0\Module.Pages.AssemblyInfo.cs(23,24): error CS0234: The type or namespace name 'Modules' does not exist in the namespace 'OrchardCore' (are you missing an assembly reference?)
e:\Repos\OrchardCore\test\OrchardCore.Tests.Pages\OrchardCore.Modules.Pages\Module.Pages\obj\Debug\net5.0\Module.Pages.AssemblyInfo.cs(25,24): error CS0234: The type or namespace name 'Modules' does not exist in the namespace 'OrchardCore' (are you missing an assembly reference?)
e:\Repos\OrchardCore\test\OrchardCore.Tests.Pages\OrchardCore.Modules.Pages\Module.Pages\obj\Debug\net5.0\Module.Pages.AssemblyInfo.cs(27,24): error CS0234: The type or namespace name 'Modules' does not exist in the namespace 'OrchardCore' (are you missing an assembly reference?)
e:\Repos\OrchardCore\test\OrchardCore.Tests.Pages\OrchardCore.Modules.Pages\Module.Pages\obj\Debug\net5.0\Module.Pages.AssemblyInfo.cs(30,24): error CS0234: The type or namespace name 'Modules' does not exist in the namespace 'OrchardCore' (are you missing an assembly reference?)
e:\Repos\OrchardCore\test\OrchardCore.Tests.Pages\OrchardCore.Modules.Pages\Module.Pages\obj\Debug\net5.0\Module.Pages.AssemblyInfo.cs(33,24): error CS0234: The type or namespace name 'Modules' does not exist in the namespace 'OrchardCore' (are you missing an assembly reference?)
e:\Repos\OrchardCore\test\OrchardCore.Tests.Pages\OrchardCore.Modules.Pages\Module.Pages\obj\Debug\net5.0\Module.Pages.AssemblyInfo.cs(36,24): error CS0234: The type or namespace name 'Modules' does not exist in the namespace 'OrchardCore' (are you missing an assembly reference?)
e:\Repos\OrchardCore\test\OrchardCore.Tests.Pages\OrchardCore.Modules.Pages\Module.Pages\obj\Debug\net5.0\Module.Pages.AssemblyInfo.cs(39,24): error CS0234: The type or namespace name 'Modules' does not exist in the namespace 'OrchardCore' (are you missing an assembly reference?)
e:\Repos\OrchardCore\test\OrchardCore.Tests.Pages\OrchardCore.Modules.Pages\Module.Pages\obj\Debug\net5.0\Module.Pages.AssemblyInfo.cs(42,24): error CS0234: The type or namespace name 'Modules' does not exist in the namespace 'OrchardCore' (are you missing an assembly reference?)
e:\Repos\OrchardCore\test\OrchardCore.Tests.Pages\OrchardCore.Modules.Pages\Module.Pages\obj\Debug\net5.0\Module.Pages.AssemblyInfo.cs(44,24): error CS0234: The type or namespace name 'Modules' does not exist in the namespace 'OrchardCore' (are you missing an assembly reference?)
e:\Repos\OrchardCore\test\OrchardCore.Tests.Pages\OrchardCore.Modules.Pages\Module.Pages\obj\Debug\net5.0\Module.Pages.AssemblyInfo.cs(46,24): error CS0234: The type or namespace name 'Modules' does not exist in the namespace 'OrchardCore' (are you missing an assembly reference?)
e:\Repos\OrchardCore\test\OrchardCore.Tests.Pages\OrchardCore.Modules.Pages\Module.Pages\obj\Debug\net5.0\Module.Pages.AssemblyInfo.cs(49,24): error CS0234: The type or namespace name 'Modules' does not exist in the namespace 'OrchardCore' (are you missing an assembly reference?)
e:\Repos\OrchardCore\test\OrchardCore.Tests.Pages\OrchardCore.Modules.Pages\Module.Pages\obj\Debug\net5.0\Module.Pages.AssemblyInfo.cs(52,24): error CS0234: The type or namespace name 'Modules' does not exist in the namespace 'OrchardCore' (are you missing an assembly reference?)
e:\Repos\OrchardCore\test\OrchardCore.Tests.Pages\OrchardCore.Modules.Pages\Module.Pages\obj\Debug\net5.0\Module.Pages.AssemblyInfo.cs(55,24): error CS0234: The type or namespace name 'Modules' does not exist in the namespace 'OrchardCore' (are you missing an assembly reference?)
e:\Repos\OrchardCore\test\OrchardCore.Tests.Pages\OrchardCore.Modules.Pages\Module.Pages\obj\Debug\net5.0\Module.Pages.AssemblyInfo.cs(58,24): error CS0234: The type or namespace name 'Modules' does not exist in the namespace 'OrchardCore' (are you missing an assembly reference?)
e:\Repos\OrchardCore\test\OrchardCore.Tests.Pages\OrchardCore.Modules.Pages\Module.Pages\Manifest.cs(4,5): error CS0246: The type or namespace name 'Name' could not be found (are you missing a using directive or an assembly reference?)
e:\Repos\OrchardCore\test\OrchardCore.Tests.Pages\OrchardCore.Modules.Pages\Module.Pages\Manifest.cs(5,5): error CS0246: The type or namespace name 'Author' could not be found (are you missing a using directive or an assembly reference?)
e:\Repos\OrchardCore\test\OrchardCore.Tests.Pages\OrchardCore.Modules.Pages\Module.Pages\Manifest.cs(5,14): error CS0103: The name 'ManifestConstants' does not exist in the current context
e:\Repos\OrchardCore\test\OrchardCore.Tests.Pages\OrchardCore.Modules.Pages\Module.Pages\Manifest.cs(6,5): error CS0246: The type or namespace name 'Website' could not be found (are you missing a using directive or an assembly reference?)
e:\Repos\OrchardCore\test\OrchardCore.Tests.Pages\OrchardCore.Modules.Pages\Module.Pages\Manifest.cs(6,15): error CS0103: The name 'ManifestConstants' does not exist in the current context
e:\Repos\OrchardCore\test\OrchardCore.Tests.Pages\OrchardCore.Modules.Pages\Module.Pages\Manifest.cs(7,5): error CS0246: The type or namespace name 'Version' could not be found (are you missing a using directive or an assembly reference?)
e:\Repos\OrchardCore\test\OrchardCore.Tests.Pages\OrchardCore.Modules.Pages\Module.Pages\Manifest.cs(7,15): error CS0103: The name 'ManifestConstants' does not exist in the current context
e:\Repos\OrchardCore\test\OrchardCore.Tests.Pages\OrchardCore.Modules.Pages\Module.Pages\Manifest.cs(8,5): error CS0246: The type or namespace name 'Description' could not be found (are you missing a using directive or an assembly reference?)
e:\Repos\OrchardCore\test\OrchardCore.Tests.Pages\OrchardCore.Modules.Pages\Module.Pages\Startup.cs(8,28): error CS0246: The type or namespace name 'StartupBase' could not be found (are you missing a using directive or an assembly reference?)
e:\Repos\OrchardCore\test\OrchardCore.Tests.Pages\OrchardCore.Modules.Pages\Module.Pages\Manifest.cs(1,19): error CS0234: The type or namespace name 'Modules' does not exist in the namespace 'OrchardCore' (are you missing an assembly reference?)
e:\Repos\OrchardCore\test\OrchardCore.Tests.Pages\OrchardCore.Modules.Pages\Module.Pages\Startup.cs(4,19): error CS0234: The type or namespace name 'Modules' does not exist in the namespace 'OrchardCore' (are you missing an assembly reference?)
e:\Repos\OrchardCore\test\OrchardCore.Tests.Pages\OrchardCore.Modules.Pages\Module.Pages\Startup.cs(10,30): error CS0115: 'Startup.ConfigureServices(IServiceCollection)': no suitable method found to override
e:\Repos\OrchardCore\test\OrchardCore.Tests.Pages\OrchardCore.Modules.Pages\Module.Pages\Startup.cs(15,37): error CS1061: 'PageConventionCollection' does not contain a definition for 'AddAreaFolderRoute' and no accessible extension method 'AddAreaFolderRoute' accepting a first argument of type 'PageConventionCollection' could be found (are you missing a using directive or an assembly reference?)
e:\Repos\OrchardCore\test\OrchardCore.Tests.Pages\OrchardCore.Modules.Pages\Module.Pages\obj\Debug\net5.0\Module.Pages.RazorAssemblyInfo.cs(11,1): hidden CS8019: Unnecessary using directive.
e:\Repos\OrchardCore\test\OrchardCore.Tests.Pages\OrchardCore.Modules.Pages\Module.Pages\obj\Debug\net5.0\.NETCoreApp,Version=v5.0.AssemblyAttributes.cs(2,1): hidden CS8019: Unnecessary using directive.
e:\Repos\OrchardCore\test\OrchardCore.Tests.Pages\OrchardCore.Modules.Pages\Module.Pages\obj\Debug\net5.0\Module.Pages.RazorAssemblyInfo.cs(12,1): hidden CS8019: Unnecessary using directive.
e:\Repos\OrchardCore\test\OrchardCore.Tests.Pages\OrchardCore.Modules.Pages\Module.Pages\Manifest.cs(1,1): hidden CS8019: Unnecessary using directive.
e:\Repos\OrchardCore\test\OrchardCore.Tests.Pages\OrchardCore.Modules.Pages\Module.Pages\obj\Debug\net5.0\.NETCoreApp,Version=v5.0.AssemblyAttributes.cs(3,1): hidden CS8019: Unnecessary using directive.
e:\Repos\OrchardCore\test\OrchardCore.Tests.Pages\OrchardCore.Modules.Pages\Module.Pages\obj\Debug\net5.0\Module.Pages.AssemblyInfo.cs(11,1): hidden CS8019: Unnecessary using directive.
e:\Repos\OrchardCore\test\OrchardCore.Tests.Pages\OrchardCore.Modules.Pages\Module.Pages\Startup.cs(1,1): hidden CS8019: Unnecessary using directive.
e:\Repos\OrchardCore\test\OrchardCore.Tests.Pages\OrchardCore.Modules.Pages\Module.Pages\Startup.cs(4,1): hidden CS8019: Unnecessary using directive.
e:\Repos\OrchardCore\test\OrchardCore.Tests.Pages\OrchardCore.Modules.Pages\Module.Pages\obj\Debug\net5.0\Module.Pages.AssemblyInfo.cs(12,1): hidden CS8019: Unnecessary using directive.
